# JRE version: Java(TM) SE Runtime Environment (8.0_231-b11) (build 1.8.0_231-b11)
# Java VM: Java HotSpot(TM) 64-Bit Server VM (25.231-b11 mixed mode windows-amd64 compressed oops)
Heap:
 PSYoungGen      total 64512K, used 3953K [0x00000000eb900000, 0x00000000f0400000, 0x0000000100000000)
  eden space 56832K, 3% used [0x00000000eb900000,0x00000000ebab6cf0,0x00000000ef080000)
  from space 7680K, 28% used [0x00000000efc80000,0x00000000efea5870,0x00000000f0400000)
  to   space 6656K, 0% used [0x00000000ef080000,0x00000000ef080000,0x00000000ef700000)
 ParOldGen       total 77824K, used 39120K [0x00000000c2a00000, 0x00000000c7600000, 0x00000000eb900000)
  object space 77824K, 50% used [0x00000000c2a00000,0x00000000c5034058,0x00000000c7600000)
 Metaspace       used 24290K, capacity 25084K, committed 25216K, reserved 1071104K
  class space    used 3199K, capacity 3384K, committed 3456K, reserved 1048576K
GC Heap History (10 events):
Event: 23.156 GC heap before
{Heap before GC invocations=12 (full 4):
 PSYoungGen      total 63488K, used 56800K [0x00000000eb900000, 0x00000000f0400000, 0x0000000100000000)
  eden space 56832K, 99% used [0x00000000eb900000,0x00000000ef078330,0x00000000ef080000)
  from space 6656K, 0% used [0x00000000ef080000,0x00000000ef080000,0x00000000ef700000)
  to   space 7680K, 0% used [0x00000000efc80000,0x00000000efc80000,0x00000000f0400000)
 ParOldGen       total 77824K, used 38799K [0x00000000c2a00000, 0x00000000c7600000, 0x00000000eb900000)
  object space 77824K, 49% used [0x00000000c2a00000,0x00000000c4fe3c18,0x00000000c7600000)
 Metaspace       used 22722K, capacity 23554K, committed 23724K, reserved 1069056K
  class space    used 2999K, capacity 3203K, committed 3328K, reserved 1048576K
Event: 23.160 GC heap after
Heap after GC invocations=12 (full 4):
 PSYoungGen      total 64512K, used 641K [0x00000000eb900000, 0x00000000f0400000, 0x0000000100000000)
  eden space 56832K, 0% used [0x00000000eb900000,0x00000000eb900000,0x00000000ef080000)
  from space 7680K, 8% used [0x00000000efc80000,0x00000000efd20430,0x00000000f0400000)
  to   space 6656K, 0% used [0x00000000ef080000,0x00000000ef080000,0x00000000ef700000)
 ParOldGen       total 77824K, used 38807K [0x00000000c2a00000, 0x00000000c7600000, 0x00000000eb900000)
  object space 77824K, 49% used [0x00000000c2a00000,0x00000000c4fe5c18,0x00000000c7600000)
 Metaspace       used 22722K, capacity 23554K, committed 23724K, reserved 1069056K
  class space    used 2999K, capacity 3203K, committed 3328K, reserved 1048576K
}
Event: 23.203 GC heap before
{Heap before GC invocations=13 (full 4):
 PSYoungGen      total 64512K, used 57351K [0x00000000eb900000, 0x00000000f0400000, 0x0000000100000000)
  eden space 56832K, 99% used [0x00000000eb900000,0x00000000ef061a50,0x00000000ef080000)
  from space 7680K, 8% used [0x00000000efc80000,0x00000000efd20430,0x00000000f0400000)
  to   space 6656K, 0% used [0x00000000ef080000,0x00000000ef080000,0x00000000ef700000)
 ParOldGen       total 77824K, used 38807K [0x00000000c2a00000, 0x00000000c7600000, 0x00000000eb900000)
  object space 77824K, 49% used [0x00000000c2a00000,0x00000000c4fe5c18,0x00000000c7600000)
 Metaspace       used 22722K, capacity 23554K, committed 23724K, reserved 1069056K
  class space    used 2999K, capacity 3203K, committed 3328K, reserved 1048576K
Event: 23.207 GC heap after
Heap after GC invocations=13 (full 4):
 PSYoungGen      total 63488K, used 502K [0x00000000eb900000, 0x00000000f0400000, 0x0000000100000000)
  eden space 56832K, 0% used [0x00000000eb900000,0x00000000eb900000,0x00000000ef080000)
  from space 6656K, 7% used [0x00000000ef080000,0x00000000ef0fda50,0x00000000ef700000)
  to   space 7680K, 0% used [0x00000000efc80000,0x00000000efc80000,0x00000000f0400000)
 ParOldGen       total 77824K, used 38815K [0x00000000c2a00000, 0x00000000c7600000, 0x00000000eb900000)
  object space 77824K, 49% used [0x00000000c2a00000,0x00000000c4fe7c18,0x00000000c7600000)
 Metaspace       used 22722K, capacity 23554K, committed 23724K, reserved 1069056K
  class space    used 2999K, capacity 3203K, committed 3328K, reserved 1048576K
}
Event: 23.234 GC heap before
{Heap before GC invocations=14 (full 4):
 PSYoungGen      total 63488K, used 57274K [0x00000000eb900000, 0x00000000f0400000, 0x0000000100000000)
  eden space 56832K, 99% used [0x00000000eb900000,0x00000000ef070f30,0x00000000ef080000)
  from space 6656K, 7% used [0x00000000ef080000,0x00000000ef0fda50,0x00000000ef700000)
  to   space 7680K, 0% used [0x00000000efc80000,0x00000000efc80000,0x00000000f0400000)
 ParOldGen       total 77824K, used 38815K [0x00000000c2a00000, 0x00000000c7600000, 0x00000000eb900000)
  object space 77824K, 49% used [0x00000000c2a00000,0x00000000c4fe7c18,0x00000000c7600000)
 Metaspace       used 22722K, capacity 23554K, committed 23724K, reserved 1069056K
  class space    used 2999K, capacity 3203K, committed 3328K, reserved 1048576K
Event: 23.237 GC heap after
Heap after GC invocations=14 (full 4):
 PSYoungGen      total 64512K, used 531K [0x00000000eb900000, 0x00000000f0400000, 0x0000000100000000)
  eden space 56832K, 0% used [0x00000000eb900000,0x00000000eb900000,0x00000000ef080000)
  from space 7680K, 6% used [0x00000000efc80000,0x00000000efd04d10,0x00000000f0400000)
  to   space 6656K, 0% used [0x00000000ef080000,0x00000000ef080000,0x00000000ef700000)
 ParOldGen       total 77824K, used 38823K [0x00000000c2a00000, 0x00000000c7600000, 0x00000000eb900000)
  object space 77824K, 49% used [0x00000000c2a00000,0x00000000c4fe9c18,0x00000000c7600000)
 Metaspace       used 22722K, capacity 23554K, committed 23724K, reserved 1069056K
  class space    used 2999K, capacity 3203K, committed 3328K, reserved 1048576K
}
Event: 23.260 GC heap before
{Heap before GC invocations=15 (full 4):
 PSYoungGen      total 64512K, used 57227K [0x00000000eb900000, 0x00000000f0400000, 0x0000000100000000)
  eden space 56832K, 99% used [0x00000000eb900000,0x00000000ef05e048,0x00000000ef080000)
  from space 7680K, 6% used [0x00000000efc80000,0x00000000efd04d10,0x00000000f0400000)
  to   space 6656K, 0% used [0x00000000ef080000,0x00000000ef080000,0x00000000ef700000)
 ParOldGen       total 77824K, used 38823K [0x00000000c2a00000, 0x00000000c7600000, 0x00000000eb900000)
  object space 77824K, 49% used [0x00000000c2a00000,0x00000000c4fe9c18,0x00000000c7600000)
 Metaspace       used 22724K, capacity 23554K, committed 23724K, reserved 1069056K
  class space    used 2999K, capacity 3203K, committed 3328K, reserved 1048576K
Event: 23.263 GC heap after
Heap after GC invocations=15 (full 4):
 PSYoungGen      total 63488K, used 555K [0x00000000eb900000, 0x00000000f0400000, 0x0000000100000000)
  eden space 56832K, 0% used [0x00000000eb900000,0x00000000eb900000,0x00000000ef080000)
  from space 6656K, 8% used [0x00000000ef080000,0x00000000ef10ac68,0x00000000ef700000)
  to   space 7680K, 0% used [0x00000000efc80000,0x00000000efc80000,0x00000000f0400000)
 ParOldGen       total 77824K, used 38831K [0x00000000c2a00000, 0x00000000c7600000, 0x00000000eb900000)
  object space 77824K, 49% used [0x00000000c2a00000,0x00000000c4febc18,0x00000000c7600000)
 Metaspace       used 22724K, capacity 23554K, committed 23724K, reserved 1069056K
  class space    used 2999K, capacity 3203K, committed 3328K, reserved 1048576K
}
Event: 27.487 GC heap before
{Heap before GC invocations=16 (full 4):
 PSYoungGen      total 63488K, used 57387K [0x00000000eb900000, 0x00000000f0400000, 0x0000000100000000)
  eden space 56832K, 100% used [0x00000000eb900000,0x00000000ef080000,0x00000000ef080000)
  from space 6656K, 8% used [0x00000000ef080000,0x00000000ef10ac68,0x00000000ef700000)
  to   space 7680K, 0% used [0x00000000efc80000,0x00000000efc80000,0x00000000f0400000)
 ParOldGen       total 77824K, used 38831K [0x00000000c2a00000, 0x00000000c7600000, 0x00000000eb900000)
  object space 77824K, 49% used [0x00000000c2a00000,0x00000000c4febc18,0x00000000c7600000)
 Metaspace       used 24260K, capacity 24996K, committed 25216K, reserved 1071104K
  class space    used 3194K, capacity 3380K, committed 3456K, reserved 1048576K
Event: 27.499 GC heap after
Heap after GC invocations=16 (full 4):
 PSYoungGen      total 64512K, used 2198K [0x00000000eb900000, 0x00000000f0400000, 0x0000000100000000)
  eden space 56832K, 0% used [0x00000000eb900000,0x00000000eb900000,0x00000000ef080000)
  from space 7680K, 28% used [0x00000000efc80000,0x00000000efea5870,0x00000000f0400000)
  to   space 6656K, 0% used [0x00000000ef080000,0x00000000ef080000,0x00000000ef700000)
 ParOldGen       total 77824K, used 39120K [0x00000000c2a00000, 0x00000000c7600000, 0x00000000eb900000)
  object space 77824K, 50% used [0x00000000c2a00000,0x00000000c5034058,0x00000000c7600000)
 Metaspace       used 24260K, capacity 24996K, committed 25216K, reserved 1071104K
  class space    used 3194K, capacity 3380K, committed 3456K, reserved 1048576K
}

