# JRE version: Java(TM) SE Runtime Environment (8.0_231-b11) (build 1.8.0_231-b11)
# Java VM: Java HotSpot(TM) 64-Bit Server VM (25.231-b11 mixed mode windows-amd64 compressed oops)
Heap:
 PSYoungGen      total 82432K, used 14231K [0x00000000eb900000, 0x00000000f2f00000, 0x0000000100000000)
  eden space 74752K, 18% used [0x00000000eb900000,0x00000000ec6a6ca8,0x00000000f0200000)
  from space 7680K, 3% used [0x00000000f0200000,0x00000000f023f218,0x00000000f0980000)
  to   space 7680K, 0% used [0x00000000f2780000,0x00000000f2780000,0x00000000f2f00000)
 ParOldGen       total 104448K, used 38408K [0x00000000c2a00000, 0x00000000c9000000, 0x00000000eb900000)
  object space 104448K, 36% used [0x00000000c2a00000,0x00000000c4f822f0,0x00000000c9000000)
 Metaspace       used 23363K, capacity 24190K, committed 24320K, reserved 1071104K
  class space    used 3084K, capacity 3287K, committed 3328K, reserved 1048576K
GC Heap History (10 events):
Event: 17.646 GC heap before
{Heap before GC invocations=10 (full 3):
 PSYoungGen      total 44032K, used 44018K [0x00000000eb900000, 0x00000000eee00000, 0x0000000100000000)
  eden space 38400K, 100% used [0x00000000eb900000,0x00000000ede80000,0x00000000ede80000)
  from space 5632K, 99% used [0x00000000ee580000,0x00000000eeafc820,0x00000000eeb00000)
  to   space 7168K, 0% used [0x00000000ede80000,0x00000000ede80000,0x00000000ee580000)
 ParOldGen       total 104448K, used 33961K [0x00000000c2a00000, 0x00000000c9000000, 0x00000000eb900000)
  object space 104448K, 32% used [0x00000000c2a00000,0x00000000c4b2a6f8,0x00000000c9000000)
 Metaspace       used 22661K, capacity 23512K, committed 23808K, reserved 1069056K
  class space    used 3005K, capacity 3214K, committed 3328K, reserved 1048576K
Event: 17.668 GC heap after
Heap after GC invocations=10 (full 3):
 PSYoungGen      total 45568K, used 4559K [0x00000000eb900000, 0x00000000efb00000, 0x0000000100000000)
  eden space 38400K, 0% used [0x00000000eb900000,0x00000000eb900000,0x00000000ede80000)
  from space 7168K, 63% used [0x00000000ede80000,0x00000000ee2f3f78,0x00000000ee580000)
  to   space 7168K, 0% used [0x00000000ef400000,0x00000000ef400000,0x00000000efb00000)
 ParOldGen       total 104448K, used 33969K [0x00000000c2a00000, 0x00000000c9000000, 0x00000000eb900000)
  object space 104448K, 32% used [0x00000000c2a00000,0x00000000c4b2c6f8,0x00000000c9000000)
 Metaspace       used 22661K, capacity 23512K, committed 23808K, reserved 1069056K
  class space    used 3005K, capacity 3214K, committed 3328K, reserved 1048576K
}
Event: 17.703 GC heap before
{Heap before GC invocations=11 (full 3):
 PSYoungGen      total 45568K, used 42869K [0x00000000eb900000, 0x00000000efb00000, 0x0000000100000000)
  eden space 38400K, 99% used [0x00000000eb900000,0x00000000ede69738,0x00000000ede80000)
  from space 7168K, 63% used [0x00000000ede80000,0x00000000ee2f3f78,0x00000000ee580000)
  to   space 7168K, 0% used [0x00000000ef400000,0x00000000ef400000,0x00000000efb00000)
 ParOldGen       total 104448K, used 33969K [0x00000000c2a00000, 0x00000000c9000000, 0x00000000eb900000)
  object space 104448K, 32% used [0x00000000c2a00000,0x00000000c4b2c6f8,0x00000000c9000000)
 Metaspace       used 22662K, capacity 23512K, committed 23808K, reserved 1069056K
  class space    used 3005K, capacity 3214K, committed 3328K, reserved 1048576K
Event: 17.718 GC heap after
Heap after GC invocations=11 (full 3):
 PSYoungGen      total 59904K, used 4508K [0x00000000eb900000, 0x00000000f0400000, 0x0000000100000000)
  eden space 52736K, 0% used [0x00000000eb900000,0x00000000eb900000,0x00000000eec80000)
  from space 7168K, 62% used [0x00000000ef400000,0x00000000ef867340,0x00000000efb00000)
  to   space 7680K, 0% used [0x00000000eec80000,0x00000000eec80000,0x00000000ef400000)
 ParOldGen       total 104448K, used 33977K [0x00000000c2a00000, 0x00000000c9000000, 0x00000000eb900000)
  object space 104448K, 32% used [0x00000000c2a00000,0x00000000c4b2e6f8,0x00000000c9000000)
 Metaspace       used 22662K, capacity 23512K, committed 23808K, reserved 1069056K
  class space    used 3005K, capacity 3214K, committed 3328K, reserved 1048576K
}
Event: 17.746 GC heap before
{Heap before GC invocations=12 (full 3):
 PSYoungGen      total 59904K, used 57244K [0x00000000eb900000, 0x00000000f0400000, 0x0000000100000000)
  eden space 52736K, 100% used [0x00000000eb900000,0x00000000eec80000,0x00000000eec80000)
  from space 7168K, 62% used [0x00000000ef400000,0x00000000ef867340,0x00000000efb00000)
  to   space 7680K, 0% used [0x00000000eec80000,0x00000000eec80000,0x00000000ef400000)
 ParOldGen       total 104448K, used 33977K [0x00000000c2a00000, 0x00000000c9000000, 0x00000000eb900000)
  object space 104448K, 32% used [0x00000000c2a00000,0x00000000c4b2e6f8,0x00000000c9000000)
 Metaspace       used 22662K, capacity 23512K, committed 23808K, reserved 1069056K
  class space    used 3005K, capacity 3214K, committed 3328K, reserved 1048576K
Event: 17.758 GC heap after
Heap after GC invocations=12 (full 3):
 PSYoungGen      total 60416K, used 4588K [0x00000000eb900000, 0x00000000f1100000, 0x0000000100000000)
  eden space 52736K, 0% used [0x00000000eb900000,0x00000000eb900000,0x00000000eec80000)
  from space 7680K, 59% used [0x00000000eec80000,0x00000000ef0fb2e0,0x00000000ef400000)
  to   space 7680K, 0% used [0x00000000f0980000,0x00000000f0980000,0x00000000f1100000)
 ParOldGen       total 104448K, used 33985K [0x00000000c2a00000, 0x00000000c9000000, 0x00000000eb900000)
  object space 104448K, 32% used [0x00000000c2a00000,0x00000000c4b306f8,0x00000000c9000000)
 Metaspace       used 22662K, capacity 23512K, committed 23808K, reserved 1069056K
  class space    used 3005K, capacity 3214K, committed 3328K, reserved 1048576K
}
Event: 17.782 GC heap before
{Heap before GC invocations=13 (full 3):
 PSYoungGen      total 60416K, used 57237K [0x00000000eb900000, 0x00000000f1100000, 0x0000000100000000)
  eden space 52736K, 99% used [0x00000000eb900000,0x00000000eec6a360,0x00000000eec80000)
  from space 7680K, 59% used [0x00000000eec80000,0x00000000ef0fb2e0,0x00000000ef400000)
  to   space 7680K, 0% used [0x00000000f0980000,0x00000000f0980000,0x00000000f1100000)
 ParOldGen       total 104448K, used 33985K [0x00000000c2a00000, 0x00000000c9000000, 0x00000000eb900000)
  object space 104448K, 32% used [0x00000000c2a00000,0x00000000c4b306f8,0x00000000c9000000)
 Metaspace       used 22664K, capacity 23512K, committed 23808K, reserved 1069056K
  class space    used 3005K, capacity 3214K, committed 3328K, reserved 1048576K
Event: 17.790 GC heap after
Heap after GC invocations=13 (full 3):
 PSYoungGen      total 82432K, used 393K [0x00000000eb900000, 0x00000000f1200000, 0x0000000100000000)
  eden space 74752K, 0% used [0x00000000eb900000,0x00000000eb900000,0x00000000f0200000)
  from space 7680K, 5% used [0x00000000f0980000,0x00000000f09e2770,0x00000000f1100000)
  to   space 7680K, 0% used [0x00000000f0200000,0x00000000f0200000,0x00000000f0980000)
 ParOldGen       total 104448K, used 38198K [0x00000000c2a00000, 0x00000000c9000000, 0x00000000eb900000)
  object space 104448K, 36% used [0x00000000c2a00000,0x00000000c4f4d908,0x00000000c9000000)
 Metaspace       used 22664K, capacity 23512K, committed 23808K, reserved 1069056K
  class space    used 3005K, capacity 3214K, committed 3328K, reserved 1048576K
}
Event: 17.835 GC heap before
{Heap before GC invocations=14 (full 3):
 PSYoungGen      total 82432K, used 75017K [0x00000000eb900000, 0x00000000f1200000, 0x0000000100000000)
  eden space 74752K, 99% used [0x00000000eb900000,0x00000000f01dfd40,0x00000000f0200000)
  from space 7680K, 5% used [0x00000000f0980000,0x00000000f09e2770,0x00000000f1100000)
  to   space 7680K, 0% used [0x00000000f0200000,0x00000000f0200000,0x00000000f0980000)
 ParOldGen       total 104448K, used 38198K [0x00000000c2a00000, 0x00000000c9000000, 0x00000000eb900000)
  object space 104448K, 36% used [0x00000000c2a00000,0x00000000c4f4d908,0x00000000c9000000)
 Metaspace       used 22667K, capacity 23512K, committed 23808K, reserved 1069056K
  class space    used 3005K, capacity 3214K, committed 3328K, reserved 1048576K
Event: 17.838 GC heap after
Heap after GC invocations=14 (full 3):
 PSYoungGen      total 82432K, used 252K [0x00000000eb900000, 0x00000000f2f00000, 0x0000000100000000)
  eden space 74752K, 0% used [0x00000000eb900000,0x00000000eb900000,0x00000000f0200000)
  from space 7680K, 3% used [0x00000000f0200000,0x00000000f023f218,0x00000000f0980000)
  to   space 7680K, 0% used [0x00000000f2780000,0x00000000f2780000,0x00000000f2f00000)
 ParOldGen       total 104448K, used 38408K [0x00000000c2a00000, 0x00000000c9000000, 0x00000000eb900000)
  object space 104448K, 36% used [0x00000000c2a00000,0x00000000c4f822f0,0x00000000c9000000)
 Metaspace       used 22667K, capacity 23512K, committed 23808K, reserved 1069056K
  class space    used 3005K, capacity 3214K, committed 3328K, reserved 1048576K
}

